0 info it worked if it ends with ok
1 verbose cli [ 'node', '/Users/Shunichi/.nvm/v0.11.16/bin/npm', 'start' ]
2 info using npm@2.13.1
3 info using node@v0.11.16
4 verbose run-script [ 'prestart', 'start', 'poststart' ]
5 info prestart partial@1.0.0
6 info start partial@1.0.0
7 verbose unsafe-perm in lifecycle true
8 info partial@1.0.0 Failed to exec start script
9 verbose stack Error: partial@1.0.0 start: `http-server -o`
9 verbose stack Exit status 1
9 verbose stack     at EventEmitter.<anonymous> (/Users/Shunichi/.nvm/v0.11.16/lib/node_modules/npm/lib/utils/lifecycle.js:214:16)
9 verbose stack     at EventEmitter.emit (events.js:110:17)
9 verbose stack     at ChildProcess.<anonymous> (/Users/Shunichi/.nvm/v0.11.16/lib/node_modules/npm/lib/utils/spawn.js:24:14)
9 verbose stack     at ChildProcess.emit (events.js:110:17)
9 verbose stack     at maybeClose (child_process.js:1008:16)
9 verbose stack     at Process.ChildProcess._handle.onexit (child_process.js:1080:5)
10 verbose pkgid partial@1.0.0
11 verbose cwd /Users/Shunichi/MyVagrant/mycentos/partial
12 error Darwin 14.5.0
13 error argv "node" "/Users/Shunichi/.nvm/v0.11.16/bin/npm" "start"
14 error node v0.11.16
15 error npm  v2.13.1
16 error code ELIFECYCLE
17 error partial@1.0.0 start: `http-server -o`
17 error Exit status 1
18 error Failed at the partial@1.0.0 start script 'http-server -o'.
18 error This is most likely a problem with the partial package,
18 error not with npm itself.
18 error Tell the author that this fails on your system:
18 error     http-server -o
18 error You can get their info via:
18 error     npm owner ls partial
18 error There is likely additional logging output above.
19 verbose exit [ 1, true ]
